Barbara Mikhail
James Nancy
Jennifer Elena
Karen Irina

Betty Christopher Mary Michael
David Patricia Sarah Anthony
Elizaveta John Vera Barbara

David Barbara Irina Nancy Matthew
Sandra Natalia John James Richard

Yevgeny Nikolai Danyl Barbara Susan

Anthony Yevgeny Sandra
Victoria Susan Konstantin
William Sergey Linda

Adelina
Alexander
Charles
Jennifer
Mary
Mikhail
Nikolai
Patricia
Richard
Sarah
Sofia
Thomas
William

Barbara Alexey Denis Maksim/Maxim
Betty Lisa Daria Xenia

Alexey
Anastasia
Anthony
Danyl
Irina
Natalia
Roman
Sarah

Betty Lisa Patricia
Elizabeth William Mikhail
Nancy Victoria Danyl

Nadezhda Sergey William

Jessica Susan Barbara Artyom Sarah

Alexander
Danyl
Elena
Elizaveta
Lisa
Maksim/Maxim
Nikita
Polina
Roman
Svetlana
Xenia

Elizabeth Nancy Elena Yevgeny Charles
Nadezhda Roman Joseph Irina Matthew

Jessica Svetlana Artyom
Sergey Jennifer Joseph
William Sofia Ivan

Adelina John
Anastasia Sergey
Danyl Ivan
Elena Nikolai
Mikhail Yevgeny
Svetlana Artyom

Matthew Nadezhda Lisa Alexander Sarah

Arina Lisa Daniel Matthew

Barbara John Xenia Dmitry

Adelina
Alexander
Charles
Jessica
Konstantin
Xenia

Jennifer Mikhail Joseph
Konstantin Daria Elena
Lisa Nikolai Polina
Roman Sandra Ivan

