6255
5544
6635
3544

3333
2333
4542
3322

424324235
543542422
652343334
244445444
535334535
322344454
543332235
343523232
454464533

181710161217162023191623161417132119191718201717141518
201323131515212219151725181513152320141917151917162216
151622171614202220121924171618171313181416151217192113
181717161213131414191711162117191618191715151717181318
131522171814141521201812141518172217181719211716191414
111317141817201923191624152118171619181915211816132119
181617161317141412181412162115192012161614151716161516
151717181915162314191620132114191614191521171916151617
212024132021122119111826191513191215202019112016152321
191822131819121014152024191418152215151521211918172117
131814112018172415141015172218171520202016162012171718
171818152017171324201422161414202017122016191615171617
111425141622231918231627201813122522161619242113132422
181521161816192122191823172015142118181719141717151415
23172222171819192824212321262224212417242081117182021
161514191715142412172112201118171416161622182014181816
171620171817181313181513181616152018181420191417171417
191717121318162324202015172217121414202011161917171617
182020211819192618161122152016142017181624191021171911
151418171415151524161920182218201713202020171617171716
191418181613182024181715152216151120162018131616171317

13141211121091412118131811913144
11119138111113159121315141391210
12121010121212121613910131510121314
8131511159119810108713771213
1210107111412121113910171611141315
9151011141215128111512191811111117
11121611141210119111113111211111113
1212151014101111131211915141112119
10101710101010815910912101381214
131513151713713121413151716917911
101117111211101191011148131213127
1210101271110121011971691214714
1213812118913131013101771212912
1111158121312111312121216111281014
141148141011111091212810891114
101017128121081011121212131110129
1312991491211101413121688141212
813191199111317888141115121116
1481411111214149914117171011148
7917121413109101291413713141214
1112101313911121091289121171013
1391012121310121491296101212913
179201514148126111517151216141117

212319181819181721222124232022161719192519212518192515
202214242119161519262522212417231521232321162124182321
141919212619212018232219191922172623202119222114201618
192022211518211818192218182123182616192221201621191817
192015172223172215261820212018232921232318172215171920
241819212620212018232220191623171715162022131814201919
222225181921242218221524122426231719232523142124201922
241823212621221624151118182224192723152118232022201918
172932312612312917333227281615303628301825322831301816
141917192419191822202217211420192617182021221819181619
192216171918242221191820212018182919172218171317231922
18242322192119221991725191016211817212124232622142620
231725202523241923262520172421182921231921112120231917
192124232316231820192416202025161420222220241418172221
232319182517181923201924232321211622202521202518171816
231722212518211915231321182023181622192021202221172217
202215241918242221191821212418232921171118142217232220
231717202518201923202118212121192517182314151616191518
122120161618212024202222212121182417201521211621201918
221821181521182121121624162022211720171923211420201623
232420192222171819222115152016191317211924212619161524
141617161619191922202217172123192621182020222319202321
232023202518201719242320191921212722211421202114162120
222313151813182118251619202325132819202523242523222523
221619191322192219202025171816222321181320192619212624
182415262125261723181714141111173123152120272326252124
152314221721162019242324232324141719212517172522152523
261915231418232216171215191821181925222113131923182120
232420191916191721231916242421162420171824181619212624

7
7
7
7
7
7
6
11
11
3
3
7
11
7
6
11
11
7
11
11
7
11
6
7
6
11
11
7
6

1410171518201920
1611151417121819
1620161717191312
1611161717191812
1718171915141517
1923191720222122
1713171916171617
1413171216141517
1718171916171614
1619151815181418
1619161816181418
1520161414121819
1713171216141617
1620151717191319
1519161816181413
1317182017151615
1721141518111920
1520151417191812
1413141916141614
1619151815131718
1713141916171517
1721171618201911
1619151315181413

1010
59
55
95
59
75
86
76
1010
55
49
76
75
46
95
96
49
95
96
79
1010

889810111111
7899117119
7117151281011
10101061191114
1011471181012
8951358107
8118141191112
12881698812
9101241312118
99101491087
998141212126
11710151210117
78111511677
8109136997
8764129711
10111081151111
66117121096
8898105107
981014127127
71299111286
9868101189
81176119119
510101598117
111171598105
8676119106
1079101071210
6109710759
899810847
777548711
861075121112

121716121312172016181316158191613151518161516131420
1316141910101116161217151514111917181015171520101614
1613121213121213111413121215151214141518141117121313
121514141416151813131612121317141515131212131491518
1714151211171615101418161515141715161118141018181415
15181613179171517151991610131814171519161519191013
1410131615161316131318161315131213111218141617111316
21181821142120181714191771718137201617191722221814
18211912171613161117920131916121018910102015121816
1714141016171314171219171111141711151419151718181514
121414141617168141014141215141710111212141414181518
1517151210121021161918171518201118101718171617171821
1410171413121316181111121713151415161720121815151615
1816151811111110151317141214141816101517131510191213

5910511810
7777998
97691076
106101011710
68691089
8887698
10910101175
9799576

9119118789589
9681078886810
1314458111212151314
1069119879678
81186879712611
869101078711710
9710811899879
11121089999131110
6108667881195
91077787811610
1075111099812107
871191211810687

88941111285799511111014
98116767987687881013
4412107795989497779
69787954678105781115
91151071110578889841111
7996861176886878714
7811510913767761079913
98484575674868766
10799891155871059945
869768675941079887
5993991189897997915
7111269841065896581112
97858576710114694812
76116810576610788845

47974662557
74954756467
66876466456
58455757764
54276565557
54987668555
63345675637
46446665554
74883455376
85743662565
86766346563
68436655555
65466423435
46547675476
54845624444
35976478344
65775554465
38995786456
6311233610989
97568567547
24445455653
57364439548
34443462445

4755666541076496683869710
584558485566459710556677
2765876431036675768736610
684554844945646756798103
94661046657810597710765975
95491076766899895105388712
7988875865710851125969776
87666677599849994837978
353656774267683649994107
77859810571051096767910111067
76689667545755674286964
466746564365668559787510
46565676685477469966764
4747789769864675412610537
7541067854771010346791095713
665912976674956458137117108
47798118733855871087864116
5856876676654747103539611
731061274121110671055436411438
94574766685476876669667
783558597797559453810637
45769569497647376558564
1010677447108659594410117584
63559476567566455784584
751053654836124105109612712711

554345354

78776981057895475678669645645
97711374676841387128746679710736
94888585651066968654646676566
11651048344646101149665561051010685
710859478638878788449583588108
121048411455311410847710891066556103
988687549569112881058755528376
11667126678910119787961010867457106
1078108811610613344611848647967557
65787367856481159357896784738
8755744583755556466878868753
856877109687839911676876586846
951076664461284665664754657875
116467767665410678497566753785
48891245531035496696109610881111103
477889455611661074676355746668
85945649871089838766676497788
587778869913474771094876385744
1149467753465101277894947664869
88747106578458755673656779376

81061111911121051013
1112109814128711710
101010879138610812
9797781111101097
13136771316105111111
8887781010911912
1065667137121077
978677108111188
1089510991110798
812751333413131210
7876121311131010115
69812813106612119
68798711106587
69910108997697
1087106111111910911
899610896912912
96101173101211665
71011108101151012913
88987751061177
68910698911998
712119111215699912
910711812118115105
95791091211871114
78109687119869
7891061113712587

13121114114116754747143486414137139
691069710595585995759765765
5677565695878675696685587
5676667677578676664578784
1182127659127951191084109812118710
6876674694895794766695786
59711766811566661157987739109
7378577764897586787586589

334
664
524
432
556
646
464
334
655
443
646
785
576
556
444
454
644
234
366
464

7774477745555

6756667326635436377
5443334444454435545
4335336573554333436
6344552435435365664
6366662386767376674
4378637757462277747

48
95
106
43
55
106
98
98
55
95
56
33
53
58
95
35
58
69
38
106
44
55
55

2
3
2
2
3
2
3
3
2

4233
3223

121011147126814
12109781410104
9127812810119
1181081479109
1499759111213
51011141489910
129127151313610
1387147881014
5115161613141210
61012715126815
111098141410107
10121113912589
121081414126614
11111114147111112
101381310118913
7109888131115
10121113710999
14108149712127
9869971179
13118161678123
1291271513131015
1187667121114
1491159771214
12101277127119
15101110101071014

76875
75876
87637
66656
58578
74654
84667
75656
76646

710910411478666885877108778378
765811758548107103101074106998117
37598865875797966787676796
79878561185986111112118111089791211
48104101191185108911879779871291010
697647101068951165661198899977
971077789113999861589886955710
6869812767768846557681076789
138665125116109857101110510641091049
11677811127566135141156767117104714
1259118127987588911911676126111182
4865866118867491010786781010748
1010610599286109810716677947106910
610109745127679557785667939108
94788810765886756878446991010
979351097106689910117475797679
1035785897579610101011968911611710
6887979810871010571356986869105
877661199107587671291067885888
58988611119510489125986111055289
75131212811563667576612114610771111
567868109879388668876945748

1314131210111212131112109131213141312121313141114111214
111115161015101512111511101411141010141581114151315913
131113121311131110111112131312131491211131214119111011
141410171510111691681591115812915161511151099914
1112101414101591615101015149912111510168171017151017
9161213151410911131414151114151091491115111211121111

91098675
7499754
4449456
91055645
53105686
7349856
7566776
4474875
7444574
7895745
5989635
7443675
6466367
5976855
3455857
9555366
7585665
2888766
86107935
5928365

95558769568333948985748
955106534496978443101051054
49444357554656556376837
51249910610766895556495574
875573897857810786474468
1010749464645475777866689
88436766867466656833644
7764778395446127456107678
64658756566855655745769
66757987957655757635765
44788369964299439966549
7387575106865367641077676
6106688885635512825677784
55674466657759846676754
54779838876448855347472
88838665874767459236645
74844564465534685987857
75757267358665765454658
656585465667610664486565
866867468738648528582610
849846768348311677458368

232
232
222

4
7
4
5
8
4
4
4
4
5
8
8
8
2
7
7
7
8
8
8
7
5
5
7

76767767644776777774

44859678736478966
747669561089734779
85665587626557688
66778695978545863
67546395877564645
9376894311610687478
95669557676667766
457668761059756668

15
15
15
15
11
15
15
15
15
15
15
15
11
11
15
15
11
11
11
11
11
11
11
15

1010811
71087
11894
11978
5777
7686
67710
59810
1391110
11769
11894
106710
126109
76811
58109
7889
119910

11101210131110131181091099
1013148881111101111117811
911611899101013131181010
139111011111312101113810915
1171391215971381110141110
1114511139911791310101013
810710713121211121210121214
715121014101512913111115116
121010101013141212121011141014
1261210101312126121281299
841199121681414121281211
9101310128712116131071312
1381011111416101414712161212
1112131112914131214810141310
111315101061291111151013158
11141111139101312913810813
10131211101010128814117148
9161181511715812111216911
121310101316107146613151312
11799121596131191213118
101261210788910151211712
101498981471210149141411
8101512101112121111121110156

192014181721171915141817171515201621151819171818171916202222
201416161519212315211920211419151725152014142312211321121817
232017171612212019221713142020171917162218211718171514172621
121815142016132019201619141616211722141716182016151719162417
141917182020151416162016191817161419182118151717151820182518
171914212017201918162017191616211812191219202019181218122518
172218101923181919112019172112192121191614171920201917121424
191919212014171619221717161820131722191718181719151515211315
241815162219142120212213152119172014202321141615201622141220
172020222121191417231715191721171916201619151120182119162015
172217191814161717252016152123191520141521161820141418182124
201614242317122322181917211617131513221819171314212321242218
191616221719191620211718161717221723151817191316161417222215
161619191417192120241418192017101810201517171919192117171523
132119161219221620112222211719171314151421221616161622172720
24211917916221020182216211519201421121615111918202022201420
191721231213202215171616151519231424141417161621201420232120
142216201723181716252017161323191518151821181316151817182211
201315191814161717231817171721191914171617161815181816152322
191421172220151416221816201420231824211614201721202215121721

12151110910912109981011109111291212101411
1215141381112913111114121110911971210101011
151314159131098131612871014127815158179
77131213714131113912111512111610610141499
1110101110131111141012151471110713811611129
1213149131412121510121212138814910118141111
8981211111012121091212111311111010128141412
7146178781620101391468169141514991416
1314137131091217101312121014981111121414116
131491413161413811111012159916711111410128
151114111013131591316813121298158151111710
111015914129712813111191410912131011151313
141416151511714121310131269141191411991014
12101213715101010121114131113101581298121112
101212131091010119101511121011913114891511

46
55
48
79
88
97
79
84
66
88
97
88
66
84
79

122020252419221718202617211819151816192115201316181920
232118232219141519161117171519161917201622182118162214
208929281626152213822251623222522172528242714221922
181717132120131715222315202016151823162118171222211826
171615161919171915212121161923231222171515191515181425
231721211819181821162218171515212114201816181619181414
202423282722252321172913121519191921251611232611142221
271413211723212220182018161220201719152020222013172618
141820222118161721171315171716152116191815171517182113
211918151817201716192419151721161915181822172118171723
201818192322211513241324151313261025161318222124231928
181416102520232123212711222023232222232025212421201625
211919182322151311241916222226262625182320161614171928
232121222116171620161618181920202019191621162017192215
151914232217151814142416191721212120131915162114181723
232118171315171819171116171715161917201916181417161721
181516152318211911191121201423232322212023192219201717
181918232120191316181122201410241923202118181922161726
201918231916201822202415181822222216171922181320161924
182113162112192024161922172015162417202117181616212226
222016141918181815161514181815222214191520181720192114
151220161216151820182417161714151916191714162118181316
271025201523212220152116162318131817241619222020232618
142118121019151520202618161919182114122124151520161922

354116686467
65887687856
583584108665
523105486667
58445666435
444686106874
35666674857
8541386106876
56757357476
884787377107
55457356255
772117655853
555410753643
44742453557
8310355104558
457105557667
674117674765
56858646487
65654897585
76327456587
584855108544
5710644103648
676106675766
76467577644
35858485375
439118544463
55935749938
644114655776

11678910768899115888611871071067
79987899105469791079975108666
599875811979711788779101048875
10979857105576347788668677106
7118683410119861010846658864789
10698119468410914688798881311679
881051010126710121061081198911795766
987866995491211111068710812461199
810479591297784946119997131091010
410796115117611105510117101271161113126
981037899959675585105128998710
6857106107558511878748586101175
108869965891098766669610119977
89877987899413106678951179467
610756891199681310797387106612710
459699968711967510971051288686
610686967911761099106994758595
8947569787811457976988712796
910856944775449688659685786
611598512108961471347691287111271111
974899107611612689105119126109587
876988149115105117101147777119676
771011577109116101289810676449888
109610671076661013765751087612977
681096957789984686710567971011
896811939971069910710129810117784
1076594961091267781051010139881467
117610397912129144131141269121391010910
610687911889751279999347685910
103911969666791495758756136966

345347674
444443536
457447666
366546485
635542435
257465744
235655674
682763542
743442584
463456356
564546464
665526565

141314141491813151512151516136121415147
148161015141113151413111614131115129158
1214121413161379914131412161361317128
189202019191318109172020111712197101918
10151710161612101211991715913161612169
131313131615141116111313911109149111113
161616161482015141317151018131912151797
13101312141117121413111210151316121261411
141081013151414131113991412121510131114
1414101217161415171611121212981514171110
12121414131411131511111491214111313111112
131315813815131212129151312141114131411
111618181417131212138181096101717141716

5553648754445587486765
6363659566274776697557
5564545536474465577555
6584644787366774549643
8776536786663258785765
7566527456466575678564
6286656746663753347336
53539995486454545996610
6553757775567676633587
3875365563737773694634

10108
9108
1074
937
8103
978
496
8108
11128
889
9117
9107
989
436
998
4108
898
998
10106
10108
889
978
938
9106
10106
9107

32223
34543
34644
34243
44446
67526
35455
53737
44435
35345
23534

13141211861111
914999151311
12111113871110
138991681311
146141611131014
101010101491012
91011129141211
111412131615711
12131214914710
13810116151311
121312107111210
1279108101211
161781419181614
13131315141279
111210914101111
131410121615810
12131112981011
91210149121212
109121016151312
111112111615119
81191015141111
121312141511712
91110914101111

613912812912157913712157131312121613141313101098
9101312913912151291116615141410147591214101214158
1381571181211117108810879813109812129791011
8117111081269121013137121191088111111118119109
1381011111381412111095912119101011101198911111210
1313710131011101410129612814111391015141310131010614
910149121214158106118889610121114812101015151014
8875121112910913127111115914141511914109912129
11111110101011111112111113912101191071310138911111212
118131681415169161597101678101312991415141010157
1261791218101077141351087137151614115141512121313
9111512111665710910131111141191111814101198111210
101299107910881211791311129101014614812129813
11912791412131210111288137981012111013121189912
9131112111267121113148116107911101091111111111107
13111210131311148114128131311111161311111111107111211
81018151419610991011101013171016161091713151081087

89121311912111412101081310914
12111211781112129137111212812
121213141412131213711871412114
1099111381010121281171291112
141061411131311129712117121015
13612151013101116717151615131016
139131210912712141113910131414
159791791415161781610991414
121111121111119111089111211713
117101113131010126131010711107
1012135101213149111412131491513
811911121112812101291011101414
129109912128811119101212128
11810981212910981011139712
10121111811111113101010812997
8101151014111211141213121281111
11137111616771016131514815912
61113121412710914971113131111
11111011138111012613101011111010
1481314141481413141081214131515
811121214149131214128121011149
91110111388971013881191112

